<?xml version="1.0" encoding="UTF-8"?>
<!-- Generated by org.testng.reporters.JUnitXMLReporter -->
<testsuite ignored="0" hostname="LAPTOP-RJE4IOB2" failures="0" tests="5" name="Test" time="81.018" errors="0" timestamp="2023-02-07T19:23:20 EST">
  <testcase classname="tests.FourTest" name="testFour" time="12.323"/>
  <testcase classname="tests.TwoTest" name="testtwo" time="8.956"/>
  <testcase classname="tests.loginTest" name="login" time="2.996"/>
  <testcase classname="tests.loginTest" name="login" time="31.818"/>
  <testcase classname="tests.ThreeTest" name="testthree" time="9.073"/>
</testsuite> <!-- Test -->
