<?xml version="1.0" encoding="UTF-8"?>
<!-- Generated by org.testng.reporters.JUnitXMLReporter -->
<testsuite ignored="0" hostname="LAPTOP-RJE4IOB2" failures="0" tests="5" name="Test" time="23.363" errors="0" timestamp="2023-02-07T18:11:24 EST">
  <testcase classname="tests.FourTest" name="testFour" time="0.021"/>
  <testcase classname="tests.TwoTest" name="testtwo" time="0.002"/>
  <testcase classname="tests.loginTest" name="login" time="2.307"/>
  <testcase classname="tests.loginTest" name="login" time="5.294"/>
  <testcase classname="tests.ThreeTest" name="testthree" time="0.0"/>
</testsuite> <!-- Test -->
