<?xml version="1.0" encoding="UTF-8"?>
<testsuite xmlns:xsi="http://www.w3.org/2001/XMLSchema-instance" xsi:noNamespaceSchemaLocation="https://maven.apache.org/surefire/maven-surefire-plugin/xsd/surefire-test-report-3.0.xsd" version="3.0" name="TestSuite" time="25.453" tests="5" errors="0" skipped="0" failures="0">
  <properties>
[...]
</properties>
  <testcase name="testFour" classname="tests.FourTest" time="0.022">
    <system-out><![CDATA[18:10:59.803 [main] DEBUG org.testng.TestNG - suiteXmlPath: "D:\My Project\Training\liveProject\testng.xml"
Inside testFour
]]></system-out>
  </testcase>
  <testcase name="testtwo" classname="tests.TwoTest" time="0.007">
    <system-out><![CDATA[Inside testtwo
]]></system-out>
  </testcase>
  <testcase name="login[anu.aimit.2010@gmail.com, 1234, success](1)" classname="tests.loginTest" time="2.308">
    <system-out><![CDATA[18:11:02.322 [main] DEBUG io.github.bonigarcia.wdm.cache.ResolutionCache - Resolution chrome=109 in cache (valid until 18:33:55 07/02/2023 EST)
18:11:02.328 [main] DEBUG io.github.bonigarcia.wdm.cache.ResolutionCache - Resolution chrome109=109.0.5414.74 in cache (valid until 16:40:43 08/02/2023 EST)
18:11:02.330 [main] INFO io.github.bonigarcia.wdm.WebDriverManager - Using chromedriver 109.0.5414.74 (resolved driver for Chrome 109)
18:11:02.422 [main] DEBUG io.github.bonigarcia.wdm.WebDriverManager - Driver chromedriver 109.0.5414.74 found in cache
18:11:02.425 [main] INFO io.github.bonigarcia.wdm.WebDriverManager - Exporting webdriver.chrome.driver as C:\Users\anuai\.cache\selenium\chromedriver\win32\109.0.5414.74\chromedriver.exe
18:11:02.812 [main] DEBUG io.netty.util.internal.logging.InternalLoggerFactory - Using SLF4J as the default logging framework
18:11:02.822 [main] DEBUG io.netty.util.ResourceLeakDetector - -Dio.netty.leakDetection.level: simple
18:11:02.822 [main] DEBUG io.netty.util.ResourceLeakDetector - -Dio.netty.leakDetection.targetRecords: 4
18:11:02.833 [main] DEBUG io.netty.util.ResourceLeakDetectorFactory - Loaded default ResourceLeakDetector: io.netty.util.ResourceLeakDetector@3301500b
18:11:02.893 [main] DEBUG io.netty.util.internal.PlatformDependent0 - -Dio.netty.noUnsafe: false
18:11:02.895 [main] DEBUG io.netty.util.internal.PlatformDependent0 - Java version: 11
18:11:02.902 [main] DEBUG io.netty.util.internal.PlatformDependent0 - sun.misc.Unsafe.theUnsafe: available
18:11:02.904 [main] DEBUG io.netty.util.internal.PlatformDependent0 - sun.misc.Unsafe.copyMemory: available
18:11:02.905 [main] DEBUG io.netty.util.internal.PlatformDependent0 - sun.misc.Unsafe.storeFence: available
18:11:02.907 [main] DEBUG io.netty.util.internal.PlatformDependent0 - java.nio.Buffer.address: available
18:11:02.909 [main] DEBUG io.netty.util.internal.PlatformDependent0 - direct buffer constructor: unavailable: Reflective setAccessible(true) disabled
18:11:02.914 [main] DEBUG io.netty.util.internal.PlatformDependent0 - java.nio.Bits.unaligned: available, true
18:11:02.918 [main] DEBUG io.netty.util.internal.PlatformDependent0 - jdk.internal.misc.Unsafe.allocateUninitializedArray(int): unavailable: class io.netty.util.internal.PlatformDependent0$7 cannot access class jdk.internal.misc.Unsafe (in module java.base) because module java.base does not export jdk.internal.misc to unnamed module @c0b41d6
18:11:02.922 [main] DEBUG io.netty.util.internal.PlatformDependent0 - java.nio.DirectByteBuffer.<init>(long, int): unavailable
18:11:02.923 [main] DEBUG io.netty.util.internal.PlatformDependent - sun.misc.Unsafe: available
18:11:02.931 [main] DEBUG io.netty.util.internal.PlatformDependent - maxDirectMemory: 2669674496 bytes (maybe)
18:11:02.933 [main] DEBUG io.netty.util.internal.PlatformDependent - -Dio.netty.tmpdir: C:\Users\anuai\AppData\Local\Temp (java.io.tmpdir)
18:11:02.933 [main] DEBUG io.netty.util.internal.PlatformDependent - -Dio.netty.bitMode: 64 (sun.arch.data.model)
18:11:02.934 [main] DEBUG io.netty.util.internal.PlatformDependent - Platform: Windows
18:11:02.936 [main] DEBUG io.netty.util.internal.PlatformDependent - -Dio.netty.maxDirectMemory: -1 bytes
18:11:02.936 [main] DEBUG io.netty.util.internal.PlatformDependent - -Dio.netty.uninitializedArrayAllocationThreshold: -1
18:11:02.939 [main] DEBUG io.netty.util.internal.CleanerJava9 - java.nio.ByteBuffer.cleaner(): available
18:11:02.939 [main] DEBUG io.netty.util.internal.PlatformDependent - -Dio.netty.noPreferDirect: false
18:11:02.965 [main] DEBUG io.netty.util.internal.PlatformDependent - org.jctools-core.MpscChunkedArrayQueue: available
18:11:03.034 [main] DEBUG io.netty.util.internal.InternalThreadLocalMap - -Dio.netty.threadLocalMap.stringBuilder.initialSize: 1024
18:11:03.035 [main] DEBUG io.netty.util.internal.InternalThreadLocalMap - -Dio.netty.threadLocalMap.stringBuilder.maxSize: 4096
18:11:03.133 [main] DEBUG io.netty.handler.ssl.JdkSslContext - Default protocols (JDK): [TLSv1.3, TLSv1.2] 
18:11:03.133 [main] DEBUG io.netty.handler.ssl.JdkSslContext - Default cipher suites (JDK): [TLS_ECDHE_ECDSA_WITH_AES_256_GCM_SHA384, TLS_ECDHE_ECDSA_WITH_AES_128_GCM_SHA256, TLS_ECDHE_RSA_WITH_AES_128_GCM_SHA256, TLS_ECDHE_RSA_WITH_AES_256_GCM_SHA384, TLS_ECDHE_RSA_WITH_AES_128_CBC_SHA, TLS_ECDHE_RSA_WITH_AES_256_CBC_SHA, TLS_RSA_WITH_AES_128_GCM_SHA256, TLS_RSA_WITH_AES_128_CBC_SHA, TLS_RSA_WITH_AES_256_CBC_SHA, TLS_AES_128_GCM_SHA256, TLS_AES_256_GCM_SHA384]
18:11:03.215 [main] DEBUG io.netty.channel.MultithreadEventLoopGroup - -Dio.netty.eventLoopThreads: 8
18:11:03.237 [main] DEBUG io.netty.channel.nio.NioEventLoop - -Dio.netty.noKeySetOptimization: false
18:11:03.237 [main] DEBUG io.netty.channel.nio.NioEventLoop - -Dio.netty.selectorAutoRebuildThreshold: 512
18:11:03.348 [main] DEBUG io.netty.buffer.PooledByteBufAllocator - -Dio.netty.allocator.numHeapArenas: 8
18:11:03.349 [main] DEBUG io.netty.buffer.PooledByteBufAllocator - -Dio.netty.allocator.numDirectArenas: 8
18:11:03.349 [main] DEBUG io.netty.buffer.PooledByteBufAllocator - -Dio.netty.allocator.pageSize: 8192
18:11:03.349 [main] DEBUG io.netty.buffer.PooledByteBufAllocator - -Dio.netty.allocator.maxOrder: 9
18:11:03.349 [main] DEBUG io.netty.buffer.PooledByteBufAllocator - -Dio.netty.allocator.chunkSize: 4194304
18:11:03.349 [main] DEBUG io.netty.buffer.PooledByteBufAllocator - -Dio.netty.allocator.smallCacheSize: 256
18:11:03.349 [main] DEBUG io.netty.buffer.PooledByteBufAllocator - -Dio.netty.allocator.normalCacheSize: 64
18:11:03.350 [main] DEBUG io.netty.buffer.PooledByteBufAllocator - -Dio.netty.allocator.maxCachedBufferCapacity: 32768
18:11:03.350 [main] DEBUG io.netty.buffer.PooledByteBufAllocator - -Dio.netty.allocator.cacheTrimInterval: 8192
18:11:03.350 [main] DEBUG io.netty.buffer.PooledByteBufAllocator - -Dio.netty.allocator.cacheTrimIntervalMillis: 0
18:11:03.350 [main] DEBUG io.netty.buffer.PooledByteBufAllocator - -Dio.netty.allocator.useCacheForAllThreads: false
18:11:03.350 [main] DEBUG io.netty.buffer.PooledByteBufAllocator - -Dio.netty.allocator.maxCachedByteBuffersPerChunk: 1023
18:11:03.382 [main] DEBUG io.netty.buffer.ByteBufUtil - -Dio.netty.allocator.type: pooled
18:11:03.383 [main] DEBUG io.netty.buffer.ByteBufUtil - -Dio.netty.threadLocalDirectBufferSize: 0
18:11:03.384 [main] DEBUG io.netty.buffer.ByteBufUtil - -Dio.netty.maxThreadLocalCharBufferSize: 16384
18:11:04.591 [Forwarding newSession on session null to remote] DEBUG io.netty.channel.DefaultChannelId - -Dio.netty.processId: 18788 (auto-detected)
18:11:04.597 [Forwarding newSession on session null to remote] DEBUG io.netty.util.NetUtil - -Djava.net.preferIPv4Stack: false
18:11:04.597 [Forwarding newSession on session null to remote] DEBUG io.netty.util.NetUtil - -Djava.net.preferIPv6Addresses: false
18:11:05.069 [Forwarding newSession on session null to remote] DEBUG io.netty.util.NetUtilInitializations - Loopback interface: lo (Software Loopback Interface 1, 127.0.0.1)
18:11:05.070 [Forwarding newSession on session null to remote] DEBUG io.netty.util.NetUtil - Failed to get SOMAXCONN from sysctl and file \proc\sys\net\core\somaxconn. Default: 200
18:11:05.104 [Forwarding newSession on session null to remote] DEBUG io.netty.channel.DefaultChannelId - -Dio.netty.machineId: 3c:91:80:ff:fe:93:a9:5d (auto-detected)
18:11:05.234 [AsyncHttpClient-1-2] DEBUG io.netty.buffer.AbstractByteBuf - -Dio.netty.buffer.checkAccessible: true
18:11:05.234 [AsyncHttpClient-1-2] DEBUG io.netty.buffer.AbstractByteBuf - -Dio.netty.buffer.checkBounds: true
18:11:05.234 [AsyncHttpClient-1-2] DEBUG io.netty.util.ResourceLeakDetectorFactory - Loaded default ResourceLeakDetector: io.netty.util.ResourceLeakDetector@18f12460
18:11:05.266 [AsyncHttpClient-1-2] DEBUG org.asynchttpclient.netty.channel.NettyConnectListener - Using new Channel '[id: 0x07450364, L:/127.0.0.1:59608 - R:localhost/127.0.0.1:1861]' for 'POST' to '/session'
18:11:05.306 [AsyncHttpClient-1-2] DEBUG io.netty.util.Recycler - -Dio.netty.recycler.maxCapacityPerThread: 4096
18:11:05.306 [AsyncHttpClient-1-2] DEBUG io.netty.util.Recycler - -Dio.netty.recycler.ratio: 8
18:11:05.306 [AsyncHttpClient-1-2] DEBUG io.netty.util.Recycler - -Dio.netty.recycler.chunkSize: 32
18:11:05.307 [AsyncHttpClient-1-2] DEBUG io.netty.util.Recycler - -Dio.netty.recycler.blocking: false
18:11:06.339 [AsyncHttpClient-1-2] DEBUG io.netty.handler.codec.compression.Brotli - brotli4j not in the classpath; Brotli support will be unavailable.
18:11:06.340 [AsyncHttpClient-1-2] DEBUG org.asynchttpclient.netty.handler.HttpHandler - 

Request DefaultHttpRequest(decodeResult: success, version: HTTP/1.1)
POST /session HTTP/1.1
User-Agent: selenium/4.8.0 (java windows)
Content-Length: 365
Content-Type: application/json; charset=utf-8
host: localhost:1861
accept: */*

Response DefaultHttpResponse(decodeResult: success, version: HTTP/1.1)
HTTP/1.1 200 OK
Content-Length: 791
Content-Type: application/json; charset=utf-8
cache-control: no-cache

18:11:06.358 [AsyncHttpClient-1-2] DEBUG org.asynchttpclient.netty.channel.ChannelManager - Adding key: http://localhost:1861 for channel [id: 0x07450364, L:/127.0.0.1:59608 - R:localhost/127.0.0.1:1861]
18:11:06.418 [AsyncHttpClient-1-1] DEBUG org.asynchttpclient.netty.channel.DefaultChannelPool - Entry count for : http://localhost:1861 : 1
18:11:06.615 [AsyncHttpClient-1-3] DEBUG org.asynchttpclient.netty.channel.NettyConnectListener - Using new Channel '[id: 0xd28cac86, L:/127.0.0.1:59617 - R:localhost/127.0.0.1:59609]' for 'GET' to '/json/version'
18:11:06.622 [AsyncHttpClient-1-3] DEBUG org.asynchttpclient.netty.handler.HttpHandler - 

Request DefaultFullHttpRequest(decodeResult: success, version: HTTP/1.1, content: EmptyByteBufBE)
GET /json/version HTTP/1.1
User-Agent: selenium/4.8.0 (java windows)
host: localhost:59609
accept: */*

Response DefaultHttpResponse(decodeResult: success, version: HTTP/1.1)
HTTP/1.1 200 OK
Content-Length: 424
Content-Type: application/json; charset=UTF-8

18:11:06.623 [AsyncHttpClient-1-3] DEBUG org.asynchttpclient.netty.channel.ChannelManager - Adding key: http://localhost:59609 for channel [id: 0xd28cac86, L:/127.0.0.1:59617 - R:localhost/127.0.0.1:59609]
18:11:06.647 [main] DEBUG io.netty.util.internal.ThreadLocalRandom - -Dio.netty.initialSeedUniquifier: 0xa9bba1e1663d2375
18:11:06.658 [AsyncHttpClient-1-4] DEBUG org.asynchttpclient.netty.channel.NettyConnectListener - Using new Channel '[id: 0x6a3d189a, L:/127.0.0.1:59618 - R:localhost/127.0.0.1:59609]' for 'GET' to '/devtools/browser/d13cb55a-1742-429c-9ca5-9d8cc6330e62'
18:11:06.666 [AsyncHttpClient-1-4] DEBUG org.asynchttpclient.netty.handler.WebSocketHandler - 

Request DefaultFullHttpRequest(decodeResult: success, version: HTTP/1.1, content: EmptyByteBufBE)
GET /devtools/browser/d13cb55a-1742-429c-9ca5-9d8cc6330e62 HTTP/1.1
upgrade: websocket
connection: upgrade
sec-websocket-key: lH0OAFMgEdqPyIUilVaSeg==
sec-websocket-version: 13
origin: http://localhost:59609
host: localhost:59609
accept: */*
user-agent: AHC/2.1

Response DefaultHttpResponse(decodeResult: success, version: HTTP/1.1)
HTTP/1.1 101 WebSocket Protocol Handshake
Upgrade: WebSocket
Connection: Upgrade
Sec-WebSocket-Accept: l2DNKsmyrkwIpYDfMaNX5/6v6zE=

18:11:06.769 [Forwarding maximizeCurrentWindow on session e0d39b79e0a985736105b874499f143e to remote] DEBUG org.asynchttpclient.netty.request.NettyRequestSender - Using pooled Channel '[id: 0x07450364, L:/127.0.0.1:59608 - R:localhost/127.0.0.1:1861]' for 'POST' to 'http://localhost:1861/session/e0d39b79e0a985736105b874499f143e/window/maximize'
18:11:06.770 [Forwarding maximizeCurrentWindow on session e0d39b79e0a985736105b874499f143e to remote] DEBUG org.asynchttpclient.netty.request.NettyRequestSender - Using open Channel [id: 0x07450364, L:/127.0.0.1:59608 - R:localhost/127.0.0.1:1861] for POST '/session/e0d39b79e0a985736105b874499f143e/window/maximize'
18:11:06.905 [AsyncHttpClient-1-2] DEBUG org.asynchttpclient.netty.handler.HttpHandler - 

Request DefaultHttpRequest(decodeResult: success, version: HTTP/1.1)
POST /session/e0d39b79e0a985736105b874499f143e/window/maximize HTTP/1.1
User-Agent: selenium/4.8.0 (java windows)
Content-Length: 3
Content-Type: application/json; charset=utf-8
host: localhost:1861
accept: */*

Response DefaultHttpResponse(decodeResult: success, version: HTTP/1.1)
HTTP/1.1 200 OK
Content-Length: 51
Content-Type: application/json; charset=utf-8
cache-control: no-cache

18:11:06.905 [AsyncHttpClient-1-2] DEBUG org.asynchttpclient.netty.channel.ChannelManager - Adding key: http://localhost:1861 for channel [id: 0x07450364, L:/127.0.0.1:59608 - R:localhost/127.0.0.1:1861]
18:11:06.923 [Forwarding setTimeout on session e0d39b79e0a985736105b874499f143e to remote] DEBUG org.asynchttpclient.netty.request.NettyRequestSender - Using pooled Channel '[id: 0x07450364, L:/127.0.0.1:59608 - R:localhost/127.0.0.1:1861]' for 'POST' to 'http://localhost:1861/session/e0d39b79e0a985736105b874499f143e/timeouts'
18:11:06.923 [Forwarding setTimeout on session e0d39b79e0a985736105b874499f143e to remote] DEBUG org.asynchttpclient.netty.request.NettyRequestSender - Using open Channel [id: 0x07450364, L:/127.0.0.1:59608 - R:localhost/127.0.0.1:1861] for POST '/session/e0d39b79e0a985736105b874499f143e/timeouts'
18:11:06.933 [AsyncHttpClient-1-2] DEBUG org.asynchttpclient.netty.handler.HttpHandler - 

Request DefaultHttpRequest(decodeResult: success, version: HTTP/1.1)
POST /session/e0d39b79e0a985736105b874499f143e/timeouts HTTP/1.1
User-Agent: selenium/4.8.0 (java windows)
Content-Length: 23
Content-Type: application/json; charset=utf-8
host: localhost:1861
accept: */*

Response DefaultHttpResponse(decodeResult: success, version: HTTP/1.1)
HTTP/1.1 200 OK
Content-Length: 14
Content-Type: application/json; charset=utf-8
cache-control: no-cache

18:11:06.934 [AsyncHttpClient-1-2] DEBUG org.asynchttpclient.netty.channel.ChannelManager - Adding key: http://localhost:1861 for channel [id: 0x07450364, L:/127.0.0.1:59608 - R:localhost/127.0.0.1:1861]
18:11:06.938 [Forwarding get on session e0d39b79e0a985736105b874499f143e to remote] DEBUG org.asynchttpclient.netty.request.NettyRequestSender - Using pooled Channel '[id: 0x07450364, L:/127.0.0.1:59608 - R:localhost/127.0.0.1:1861]' for 'POST' to 'http://localhost:1861/session/e0d39b79e0a985736105b874499f143e/url'
18:11:06.939 [Forwarding get on session e0d39b79e0a985736105b874499f143e to remote] DEBUG org.asynchttpclient.netty.request.NettyRequestSender - Using open Channel [id: 0x07450364, L:/127.0.0.1:59608 - R:localhost/127.0.0.1:1861] for POST '/session/e0d39b79e0a985736105b874499f143e/url'
18:11:07.481 [AsyncHttpClient-1-1] DEBUG org.asynchttpclient.netty.channel.DefaultChannelPool - Entry count for : http://localhost:59609 : 1
18:11:08.581 [AsyncHttpClient-1-1] DEBUG org.asynchttpclient.netty.channel.DefaultChannelPool - Entry count for : http://localhost:59609 : 1
18:11:09.684 [AsyncHttpClient-1-1] DEBUG org.asynchttpclient.netty.channel.DefaultChannelPool - Entry count for : http://localhost:59609 : 1
18:11:10.042 [AsyncHttpClient-1-2] DEBUG org.asynchttpclient.netty.handler.HttpHandler - 

Request DefaultHttpRequest(decodeResult: success, version: HTTP/1.1)
POST /session/e0d39b79e0a985736105b874499f143e/url HTTP/1.1
User-Agent: selenium/4.8.0 (java windows)
Content-Length: 66
Content-Type: application/json; charset=utf-8
host: localhost:1861
accept: */*

Response DefaultHttpResponse(decodeResult: success, version: HTTP/1.1)
HTTP/1.1 200 OK
Content-Length: 14
Content-Type: application/json; charset=utf-8
cache-control: no-cache

18:11:10.042 [AsyncHttpClient-1-2] DEBUG org.asynchttpclient.netty.channel.ChannelManager - Adding key: http://localhost:1861 for channel [id: 0x07450364, L:/127.0.0.1:59608 - R:localhost/127.0.0.1:1861]
18:11:10.095 [Forwarding findElement on session e0d39b79e0a985736105b874499f143e to remote] DEBUG org.asynchttpclient.netty.request.NettyRequestSender - Using pooled Channel '[id: 0x07450364, L:/127.0.0.1:59608 - R:localhost/127.0.0.1:1861]' for 'POST' to 'http://localhost:1861/session/e0d39b79e0a985736105b874499f143e/element'
18:11:10.097 [Forwarding findElement on session e0d39b79e0a985736105b874499f143e to remote] DEBUG org.asynchttpclient.netty.request.NettyRequestSender - Using open Channel [id: 0x07450364, L:/127.0.0.1:59608 - R:localhost/127.0.0.1:1861] for POST '/session/e0d39b79e0a985736105b874499f143e/element'
18:11:10.120 [AsyncHttpClient-1-2] DEBUG org.asynchttpclient.netty.handler.HttpHandler - 

Request DefaultHttpRequest(decodeResult: success, version: HTTP/1.1)
POST /session/e0d39b79e0a985736105b874499f143e/element HTTP/1.1
User-Agent: selenium/4.8.0 (java windows)
Content-Length: 71
Content-Type: application/json; charset=utf-8
host: localhost:1861
accept: */*

Response DefaultHttpResponse(decodeResult: success, version: HTTP/1.1)
HTTP/1.1 200 OK
Content-Length: 88
Content-Type: application/json; charset=utf-8
cache-control: no-cache

18:11:10.120 [AsyncHttpClient-1-2] DEBUG org.asynchttpclient.netty.channel.ChannelManager - Adding key: http://localhost:1861 for channel [id: 0x07450364, L:/127.0.0.1:59608 - R:localhost/127.0.0.1:1861]
18:11:10.128 [Forwarding clickElement on session e0d39b79e0a985736105b874499f143e to remote] DEBUG org.asynchttpclient.netty.request.NettyRequestSender - Using pooled Channel '[id: 0x07450364, L:/127.0.0.1:59608 - R:localhost/127.0.0.1:1861]' for 'POST' to 'http://localhost:1861/session/e0d39b79e0a985736105b874499f143e/element/c20e8093-c913-4ee7-a9a2-080283a43589/click'
18:11:10.128 [Forwarding clickElement on session e0d39b79e0a985736105b874499f143e to remote] DEBUG org.asynchttpclient.netty.request.NettyRequestSender - Using open Channel [id: 0x07450364, L:/127.0.0.1:59608 - R:localhost/127.0.0.1:1861] for POST '/session/e0d39b79e0a985736105b874499f143e/element/c20e8093-c913-4ee7-a9a2-080283a43589/click'
18:11:10.202 [AsyncHttpClient-1-2] DEBUG org.asynchttpclient.netty.handler.HttpHandler - 

Request DefaultHttpRequest(decodeResult: success, version: HTTP/1.1)
POST /session/e0d39b79e0a985736105b874499f143e/element/c20e8093-c913-4ee7-a9a2-080283a43589/click HTTP/1.1
User-Agent: selenium/4.8.0 (java windows)
Content-Length: 50
Content-Type: application/json; charset=utf-8
host: localhost:1861
accept: */*

Response DefaultHttpResponse(decodeResult: success, version: HTTP/1.1)
HTTP/1.1 200 OK
Content-Length: 14
Content-Type: application/json; charset=utf-8
cache-control: no-cache

18:11:10.203 [AsyncHttpClient-1-2] DEBUG org.asynchttpclient.netty.channel.ChannelManager - Adding key: http://localhost:1861 for channel [id: 0x07450364, L:/127.0.0.1:59608 - R:localhost/127.0.0.1:1861]
18:11:10.212 [Forwarding findElement on session e0d39b79e0a985736105b874499f143e to remote] DEBUG org.asynchttpclient.netty.request.NettyRequestSender - Using pooled Channel '[id: 0x07450364, L:/127.0.0.1:59608 - R:localhost/127.0.0.1:1861]' for 'POST' to 'http://localhost:1861/session/e0d39b79e0a985736105b874499f143e/element'
18:11:10.212 [Forwarding findElement on session e0d39b79e0a985736105b874499f143e to remote] DEBUG org.asynchttpclient.netty.request.NettyRequestSender - Using open Channel [id: 0x07450364, L:/127.0.0.1:59608 - R:localhost/127.0.0.1:1861] for POST '/session/e0d39b79e0a985736105b874499f143e/element'
18:11:10.252 [AsyncHttpClient-1-2] DEBUG org.asynchttpclient.netty.handler.HttpHandler - 

Request DefaultHttpRequest(decodeResult: success, version: HTTP/1.1)
POST /session/e0d39b79e0a985736105b874499f143e/element HTTP/1.1
User-Agent: selenium/4.8.0 (java windows)
Content-Length: 46
Content-Type: application/json; charset=utf-8
host: localhost:1861
accept: */*

Response DefaultHttpResponse(decodeResult: success, version: HTTP/1.1)
HTTP/1.1 200 OK
Content-Length: 88
Content-Type: application/json; charset=utf-8
cache-control: no-cache

18:11:10.253 [AsyncHttpClient-1-2] DEBUG org.asynchttpclient.netty.channel.ChannelManager - Adding key: http://localhost:1861 for channel [id: 0x07450364, L:/127.0.0.1:59608 - R:localhost/127.0.0.1:1861]
18:11:10.257 [Forwarding clickElement on session e0d39b79e0a985736105b874499f143e to remote] DEBUG org.asynchttpclient.netty.request.NettyRequestSender - Using pooled Channel '[id: 0x07450364, L:/127.0.0.1:59608 - R:localhost/127.0.0.1:1861]' for 'POST' to 'http://localhost:1861/session/e0d39b79e0a985736105b874499f143e/element/08e88022-ed89-4644-8f49-88a695d4194e/click'
18:11:10.257 [Forwarding clickElement on session e0d39b79e0a985736105b874499f143e to remote] DEBUG org.asynchttpclient.netty.request.NettyRequestSender - Using open Channel [id: 0x07450364, L:/127.0.0.1:59608 - R:localhost/127.0.0.1:1861] for POST '/session/e0d39b79e0a985736105b874499f143e/element/08e88022-ed89-4644-8f49-88a695d4194e/click'
18:11:10.782 [AsyncHttpClient-1-1] DEBUG org.asynchttpclient.netty.channel.DefaultChannelPool - Entry count for : http://localhost:59609 : 1
18:11:10.806 [AsyncHttpClient-1-2] DEBUG org.asynchttpclient.netty.handler.HttpHandler - 

Request DefaultHttpRequest(decodeResult: success, version: HTTP/1.1)
POST /session/e0d39b79e0a985736105b874499f143e/element/08e88022-ed89-4644-8f49-88a695d4194e/click HTTP/1.1
User-Agent: selenium/4.8.0 (java windows)
Content-Length: 50
Content-Type: application/json; charset=utf-8
host: localhost:1861
accept: */*

Response DefaultHttpResponse(decodeResult: success, version: HTTP/1.1)
HTTP/1.1 200 OK
Content-Length: 14
Content-Type: application/json; charset=utf-8
cache-control: no-cache

18:11:10.807 [AsyncHttpClient-1-2] DEBUG org.asynchttpclient.netty.channel.ChannelManager - Adding key: http://localhost:1861 for channel [id: 0x07450364, L:/127.0.0.1:59608 - R:localhost/127.0.0.1:1861]
18:11:10.817 [Forwarding findElement on session e0d39b79e0a985736105b874499f143e to remote] DEBUG org.asynchttpclient.netty.request.NettyRequestSender - Using pooled Channel '[id: 0x07450364, L:/127.0.0.1:59608 - R:localhost/127.0.0.1:1861]' for 'POST' to 'http://localhost:1861/session/e0d39b79e0a985736105b874499f143e/element'
18:11:10.817 [Forwarding findElement on session e0d39b79e0a985736105b874499f143e to remote] DEBUG org.asynchttpclient.netty.request.NettyRequestSender - Using open Channel [id: 0x07450364, L:/127.0.0.1:59608 - R:localhost/127.0.0.1:1861] for POST '/session/e0d39b79e0a985736105b874499f143e/element'
18:11:10.838 [AsyncHttpClient-1-2] DEBUG org.asynchttpclient.netty.handler.HttpHandler - 

Request DefaultHttpRequest(decodeResult: success, version: HTTP/1.1)
POST /session/e0d39b79e0a985736105b874499f143e/element HTTP/1.1
User-Agent: selenium/4.8.0 (java windows)
Content-Length: 58
Content-Type: application/json; charset=utf-8
host: localhost:1861
accept: */*

Response DefaultHttpResponse(decodeResult: success, version: HTTP/1.1)
HTTP/1.1 200 OK
Content-Length: 88
Content-Type: application/json; charset=utf-8
cache-control: no-cache

18:11:10.839 [AsyncHttpClient-1-2] DEBUG org.asynchttpclient.netty.channel.ChannelManager - Adding key: http://localhost:1861 for channel [id: 0x07450364, L:/127.0.0.1:59608 - R:localhost/127.0.0.1:1861]
18:11:10.849 [Forwarding sendKeysToElement on session e0d39b79e0a985736105b874499f143e to remote] DEBUG org.asynchttpclient.netty.request.NettyRequestSender - Using pooled Channel '[id: 0x07450364, L:/127.0.0.1:59608 - R:localhost/127.0.0.1:1861]' for 'POST' to 'http://localhost:1861/session/e0d39b79e0a985736105b874499f143e/element/82d874a0-3c1c-4cb7-aca7-027c7a83b337/value'
18:11:10.850 [Forwarding sendKeysToElement on session e0d39b79e0a985736105b874499f143e to remote] DEBUG org.asynchttpclient.netty.request.NettyRequestSender - Using open Channel [id: 0x07450364, L:/127.0.0.1:59608 - R:localhost/127.0.0.1:1861] for POST '/session/e0d39b79e0a985736105b874499f143e/element/82d874a0-3c1c-4cb7-aca7-027c7a83b337/value'
18:11:11.072 [AsyncHttpClient-1-2] DEBUG org.asynchttpclient.netty.handler.HttpHandler - 

Request DefaultHttpRequest(decodeResult: success, version: HTTP/1.1)
POST /session/e0d39b79e0a985736105b874499f143e/element/82d874a0-3c1c-4cb7-aca7-027c7a83b337/value HTTP/1.1
User-Agent: selenium/4.8.0 (java windows)
Content-Length: 321
Content-Type: application/json; charset=utf-8
host: localhost:1861
accept: */*

Response DefaultHttpResponse(decodeResult: success, version: HTTP/1.1)
HTTP/1.1 200 OK
Content-Length: 14
Content-Type: application/json; charset=utf-8
cache-control: no-cache

18:11:11.073 [AsyncHttpClient-1-2] DEBUG org.asynchttpclient.netty.channel.ChannelManager - Adding key: http://localhost:1861 for channel [id: 0x07450364, L:/127.0.0.1:59608 - R:localhost/127.0.0.1:1861]
18:11:11.078 [Forwarding findElement on session e0d39b79e0a985736105b874499f143e to remote] DEBUG org.asynchttpclient.netty.request.NettyRequestSender - Using pooled Channel '[id: 0x07450364, L:/127.0.0.1:59608 - R:localhost/127.0.0.1:1861]' for 'POST' to 'http://localhost:1861/session/e0d39b79e0a985736105b874499f143e/element'
18:11:11.079 [Forwarding findElement on session e0d39b79e0a985736105b874499f143e to remote] DEBUG org.asynchttpclient.netty.request.NettyRequestSender - Using open Channel [id: 0x07450364, L:/127.0.0.1:59608 - R:localhost/127.0.0.1:1861] for POST '/session/e0d39b79e0a985736105b874499f143e/element'
18:11:11.104 [AsyncHttpClient-1-2] DEBUG org.asynchttpclient.netty.handler.HttpHandler - 

Request DefaultHttpRequest(decodeResult: success, version: HTTP/1.1)
POST /session/e0d39b79e0a985736105b874499f143e/element HTTP/1.1
User-Agent: selenium/4.8.0 (java windows)
Content-Length: 61
Content-Type: application/json; charset=utf-8
host: localhost:1861
accept: */*

Response DefaultHttpResponse(decodeResult: success, version: HTTP/1.1)
HTTP/1.1 200 OK
Content-Length: 88
Content-Type: application/json; charset=utf-8
cache-control: no-cache

18:11:11.105 [AsyncHttpClient-1-2] DEBUG org.asynchttpclient.netty.channel.ChannelManager - Adding key: http://localhost:1861 for channel [id: 0x07450364, L:/127.0.0.1:59608 - R:localhost/127.0.0.1:1861]
18:11:11.109 [Forwarding sendKeysToElement on session e0d39b79e0a985736105b874499f143e to remote] DEBUG org.asynchttpclient.netty.request.NettyRequestSender - Using pooled Channel '[id: 0x07450364, L:/127.0.0.1:59608 - R:localhost/127.0.0.1:1861]' for 'POST' to 'http://localhost:1861/session/e0d39b79e0a985736105b874499f143e/element/5ce4d2d0-c94a-46c4-b823-7465bb04231f/value'
18:11:11.109 [Forwarding sendKeysToElement on session e0d39b79e0a985736105b874499f143e to remote] DEBUG org.asynchttpclient.netty.request.NettyRequestSender - Using open Channel [id: 0x07450364, L:/127.0.0.1:59608 - R:localhost/127.0.0.1:1861] for POST '/session/e0d39b79e0a985736105b874499f143e/element/5ce4d2d0-c94a-46c4-b823-7465bb04231f/value'
18:11:11.225 [AsyncHttpClient-1-2] DEBUG org.asynchttpclient.netty.handler.HttpHandler - 

Request DefaultHttpRequest(decodeResult: success, version: HTTP/1.1)
POST /session/e0d39b79e0a985736105b874499f143e/element/5ce4d2d0-c94a-46c4-b823-7465bb04231f/value HTTP/1.1
User-Agent: selenium/4.8.0 (java windows)
Content-Length: 121
Content-Type: application/json; charset=utf-8
host: localhost:1861
accept: */*

Response DefaultHttpResponse(decodeResult: success, version: HTTP/1.1)
HTTP/1.1 200 OK
Content-Length: 14
Content-Type: application/json; charset=utf-8
cache-control: no-cache

18:11:11.226 [AsyncHttpClient-1-2] DEBUG org.asynchttpclient.netty.channel.ChannelManager - Adding key: http://localhost:1861 for channel [id: 0x07450364, L:/127.0.0.1:59608 - R:localhost/127.0.0.1:1861]
18:11:11.229 [Forwarding findElement on session e0d39b79e0a985736105b874499f143e to remote] DEBUG org.asynchttpclient.netty.request.NettyRequestSender - Using pooled Channel '[id: 0x07450364, L:/127.0.0.1:59608 - R:localhost/127.0.0.1:1861]' for 'POST' to 'http://localhost:1861/session/e0d39b79e0a985736105b874499f143e/element'
18:11:11.229 [Forwarding findElement on session e0d39b79e0a985736105b874499f143e to remote] DEBUG org.asynchttpclient.netty.request.NettyRequestSender - Using open Channel [id: 0x07450364, L:/127.0.0.1:59608 - R:localhost/127.0.0.1:1861] for POST '/session/e0d39b79e0a985736105b874499f143e/element'
18:11:11.254 [AsyncHttpClient-1-2] DEBUG org.asynchttpclient.netty.handler.HttpHandler - 

Request DefaultHttpRequest(decodeResult: success, version: HTTP/1.1)
POST /session/e0d39b79e0a985736105b874499f143e/element HTTP/1.1
User-Agent: selenium/4.8.0 (java windows)
Content-Length: 70
Content-Type: application/json; charset=utf-8
host: localhost:1861
accept: */*

Response DefaultHttpResponse(decodeResult: success, version: HTTP/1.1)
HTTP/1.1 200 OK
Content-Length: 88
Content-Type: application/json; charset=utf-8
cache-control: no-cache

18:11:11.255 [AsyncHttpClient-1-2] DEBUG org.asynchttpclient.netty.channel.ChannelManager - Adding key: http://localhost:1861 for channel [id: 0x07450364, L:/127.0.0.1:59608 - R:localhost/127.0.0.1:1861]
18:11:11.260 [Forwarding clickElement on session e0d39b79e0a985736105b874499f143e to remote] DEBUG org.asynchttpclient.netty.request.NettyRequestSender - Using pooled Channel '[id: 0x07450364, L:/127.0.0.1:59608 - R:localhost/127.0.0.1:1861]' for 'POST' to 'http://localhost:1861/session/e0d39b79e0a985736105b874499f143e/element/f4470727-6f60-40cc-a126-35ea484b1577/click'
18:11:11.260 [Forwarding clickElement on session e0d39b79e0a985736105b874499f143e to remote] DEBUG org.asynchttpclient.netty.request.NettyRequestSender - Using open Channel [id: 0x07450364, L:/127.0.0.1:59608 - R:localhost/127.0.0.1:1861] for POST '/session/e0d39b79e0a985736105b874499f143e/element/f4470727-6f60-40cc-a126-35ea484b1577/click'
18:11:11.891 [AsyncHttpClient-1-1] DEBUG org.asynchttpclient.netty.channel.DefaultChannelPool - Entry count for : http://localhost:59609 : 1
18:11:12.232 [AsyncHttpClient-1-2] DEBUG org.asynchttpclient.netty.handler.HttpHandler - 

Request DefaultHttpRequest(decodeResult: success, version: HTTP/1.1)
POST /session/e0d39b79e0a985736105b874499f143e/element/f4470727-6f60-40cc-a126-35ea484b1577/click HTTP/1.1
User-Agent: selenium/4.8.0 (java windows)
Content-Length: 50
Content-Type: application/json; charset=utf-8
host: localhost:1861
accept: */*

Response DefaultHttpResponse(decodeResult: success, version: HTTP/1.1)
HTTP/1.1 200 OK
Content-Length: 14
Content-Type: application/json; charset=utf-8
cache-control: no-cache

18:11:12.234 [AsyncHttpClient-1-2] DEBUG org.asynchttpclient.netty.channel.ChannelManager - Adding key: http://localhost:1861 for channel [id: 0x07450364, L:/127.0.0.1:59608 - R:localhost/127.0.0.1:1861]
18:11:12.239 [Forwarding findElement on session e0d39b79e0a985736105b874499f143e to remote] DEBUG org.asynchttpclient.netty.request.NettyRequestSender - Using pooled Channel '[id: 0x07450364, L:/127.0.0.1:59608 - R:localhost/127.0.0.1:1861]' for 'POST' to 'http://localhost:1861/session/e0d39b79e0a985736105b874499f143e/element'
18:11:12.239 [Forwarding findElement on session e0d39b79e0a985736105b874499f143e to remote] DEBUG org.asynchttpclient.netty.request.NettyRequestSender - Using open Channel [id: 0x07450364, L:/127.0.0.1:59608 - R:localhost/127.0.0.1:1861] for POST '/session/e0d39b79e0a985736105b874499f143e/element'
18:11:12.283 [AsyncHttpClient-1-2] DEBUG org.asynchttpclient.netty.handler.HttpHandler - 

Request DefaultHttpRequest(decodeResult: success, version: HTTP/1.1)
POST /session/e0d39b79e0a985736105b874499f143e/element HTTP/1.1
User-Agent: selenium/4.8.0 (java windows)
Content-Length: 70
Content-Type: application/json; charset=utf-8
host: localhost:1861
accept: */*

Response DefaultHttpResponse(decodeResult: success, version: HTTP/1.1)
HTTP/1.1 200 OK
Content-Length: 88
Content-Type: application/json; charset=utf-8
cache-control: no-cache

18:11:12.284 [AsyncHttpClient-1-2] DEBUG org.asynchttpclient.netty.channel.ChannelManager - Adding key: http://localhost:1861 for channel [id: 0x07450364, L:/127.0.0.1:59608 - R:localhost/127.0.0.1:1861]
18:11:12.302 [Forwarding isElementDisplayed on session e0d39b79e0a985736105b874499f143e to remote] DEBUG org.asynchttpclient.netty.request.NettyRequestSender - Using pooled Channel '[id: 0x07450364, L:/127.0.0.1:59608 - R:localhost/127.0.0.1:1861]' for 'POST' to 'http://localhost:1861/session/e0d39b79e0a985736105b874499f143e/execute/sync'
18:11:12.302 [Forwarding isElementDisplayed on session e0d39b79e0a985736105b874499f143e to remote] DEBUG org.asynchttpclient.netty.request.NettyRequestSender - Using open Channel [id: 0x07450364, L:/127.0.0.1:59608 - R:localhost/127.0.0.1:1861] for POST '/session/e0d39b79e0a985736105b874499f143e/execute/sync'
18:11:12.346 [AsyncHttpClient-1-2] DEBUG org.asynchttpclient.netty.handler.HttpHandler - 

Request DefaultHttpRequest(decodeResult: success, version: HTTP/1.1)
POST /session/e0d39b79e0a985736105b874499f143e/execute/sync HTTP/1.1
User-Agent: selenium/4.8.0 (java windows)
Content-Length: 48807
Content-Type: application/json; charset=utf-8
host: localhost:1861
accept: */*

Response DefaultHttpResponse(decodeResult: success, version: HTTP/1.1)
HTTP/1.1 200 OK
Content-Length: 14
Content-Type: application/json; charset=utf-8
cache-control: no-cache

18:11:12.347 [AsyncHttpClient-1-2] DEBUG org.asynchttpclient.netty.channel.ChannelManager - Adding key: http://localhost:1861 for channel [id: 0x07450364, L:/127.0.0.1:59608 - R:localhost/127.0.0.1:1861]
]]></system-out>
    <system-err><![CDATA[Starting ChromeDriver 109.0.5414.74 (e7c5703604daa9cc128ccf5a5d3e993513758913-refs/branch-heads/5414@{#1172}) on port 1861
Only local connections are allowed.
Please see https://chromedriver.chromium.org/security-considerations for suggestions on keeping ChromeDriver safe.
ChromeDriver was started successfully.
]]></system-err>
  </testcase>
  <testcase name="login[dummy@123@gmail.com, 3456, failure](2)" classname="tests.loginTest" time="5.369">
    <system-out><![CDATA[18:11:12.366 [Driver Command Executor] DEBUG org.asynchttpclient.netty.request.NettyRequestSender - Using pooled Channel '[id: 0x07450364, L:/127.0.0.1:59608 - R:localhost/127.0.0.1:1861]' for 'DELETE' to 'http://localhost:1861/session/e0d39b79e0a985736105b874499f143e'
18:11:12.367 [Driver Command Executor] DEBUG org.asynchttpclient.netty.request.NettyRequestSender - Using open Channel [id: 0x07450364, L:/127.0.0.1:59608 - R:localhost/127.0.0.1:1861] for DELETE '/session/e0d39b79e0a985736105b874499f143e'
18:11:12.370 [AsyncHttpClient-1-4] DEBUG org.asynchttpclient.netty.handler.WebSocketHandler - Channel Closed: [id: 0x6a3d189a, L:/127.0.0.1:59618 ! R:localhost/127.0.0.1:59609] with attribute NettyResponseFuture{currentRetry=0,
	isDone=1,
	isCancelled=0,
	asyncHandler=org.asynchttpclient.ws.WebSocketUpgradeHandler@5b99ed85,
	nettyRequest=org.asynchttpclient.netty.request.NettyRequest@65f74557,
	future=java.util.concurrent.CompletableFuture@2d733eb6[Completed normally],
	uri=ws://localhost:59609/devtools/browser/d13cb55a-1742-429c-9ca5-9d8cc6330e62,
	keepAlive=true,
	redirectCount=0,
	timeoutsHolder=null,
	inAuth=0,
	touch=1675811466689}
18:11:12.373 [AsyncHttpClient-1-4] DEBUG org.asynchttpclient.netty.channel.ChannelManager - Closing Channel [id: 0x6a3d189a, L:/127.0.0.1:59618 ! R:localhost/127.0.0.1:59609] 
18:11:12.604 [AsyncHttpClient-1-3] DEBUG org.asynchttpclient.netty.handler.HttpHandler - Unexpected I/O exception on channel [id: 0xd28cac86, L:/127.0.0.1:59617 - R:localhost/127.0.0.1:59609]
java.io.IOException: An existing connection was forcibly closed by the remote host
	at java.base/sun.nio.ch.SocketDispatcher.read0(Native Method)
	at java.base/sun.nio.ch.SocketDispatcher.read(SocketDispatcher.java:43)
	at java.base/sun.nio.ch.IOUtil.readIntoNativeBuffer(IOUtil.java:276)
	at java.base/sun.nio.ch.IOUtil.read(IOUtil.java:233)
	at java.base/sun.nio.ch.IOUtil.read(IOUtil.java:223)
	at java.base/sun.nio.ch.SocketChannelImpl.read(SocketChannelImpl.java:358)
	at io.netty.buffer.PooledByteBuf.setBytes(PooledByteBuf.java:259)
	at io.netty.buffer.AbstractByteBuf.writeBytes(AbstractByteBuf.java:1132)
	at io.netty.channel.socket.nio.NioSocketChannel.doReadBytes(NioSocketChannel.java:357)
	at io.netty.channel.nio.AbstractNioByteChannel$NioByteUnsafe.read(AbstractNioByteChannel.java:151)
	at io.netty.channel.nio.NioEventLoop.processSelectedKey(NioEventLoop.java:788)
	at io.netty.channel.nio.NioEventLoop.processSelectedKeysOptimized(NioEventLoop.java:724)
	at io.netty.channel.nio.NioEventLoop.processSelectedKeys(NioEventLoop.java:650)
	at io.netty.channel.nio.NioEventLoop.run(NioEventLoop.java:562)
	at io.netty.util.concurrent.SingleThreadEventExecutor$4.run(SingleThreadEventExecutor.java:997)
	at io.netty.util.internal.ThreadExecutorMap$2.run(ThreadExecutorMap.java:74)
	at io.netty.util.concurrent.FastThreadLocalRunnable.run(FastThreadLocalRunnable.java:30)
	at java.base/java.lang.Thread.run(Thread.java:834)
18:11:12.604 [AsyncHttpClient-1-3] DEBUG org.asynchttpclient.netty.channel.ChannelManager - Closing Channel [id: 0xd28cac86, L:/127.0.0.1:59617 - R:localhost/127.0.0.1:59609] 
18:11:12.606 [AsyncHttpClient-1-3] DEBUG org.asynchttpclient.netty.handler.HttpHandler - Channel Closed: [id: 0xd28cac86, L:/127.0.0.1:59617 ! R:localhost/127.0.0.1:59609] with attribute DISCARD
18:11:12.624 [AsyncHttpClient-1-2] DEBUG org.asynchttpclient.netty.handler.HttpHandler - 

Request DefaultFullHttpRequest(decodeResult: success, version: HTTP/1.1, content: EmptyByteBufBE)
DELETE /session/e0d39b79e0a985736105b874499f143e HTTP/1.1
User-Agent: selenium/4.8.0 (java windows)
Content-Type: application/json; charset=utf-8
host: localhost:1861
accept: */*

Response DefaultHttpResponse(decodeResult: success, version: HTTP/1.1)
HTTP/1.1 200 OK
Content-Length: 14
Content-Type: application/json; charset=utf-8
cache-control: no-cache

18:11:12.625 [AsyncHttpClient-1-2] DEBUG org.asynchttpclient.netty.channel.ChannelManager - Adding key: http://localhost:1861 for channel [id: 0x07450364, L:/127.0.0.1:59608 - R:localhost/127.0.0.1:1861]
18:11:12.732 [AsyncHttpClient-1-2] DEBUG org.asynchttpclient.netty.handler.HttpHandler - Channel Closed: [id: 0x07450364, L:/127.0.0.1:59608 ! R:localhost/127.0.0.1:1861] with attribute DISCARD
18:11:12.991 [AsyncHttpClient-1-1] DEBUG org.asynchttpclient.netty.channel.DefaultChannelPool - Entry count for : http://localhost:1861 : 1
18:11:12.991 [AsyncHttpClient-1-1] DEBUG org.asynchttpclient.netty.channel.DefaultChannelPool - Entry count for : http://localhost:59609 : 1
18:11:12.992 [AsyncHttpClient-1-1] DEBUG org.asynchttpclient.netty.channel.DefaultChannelPool - Adding Candidate expired Channel [id: 0x07450364, L:/127.0.0.1:59608 ! R:localhost/127.0.0.1:1861] isIdleTimeoutExpired=false isRemotelyClosed=true isTtlExpired=false
18:11:12.992 [AsyncHttpClient-1-1] DEBUG org.asynchttpclient.netty.channel.DefaultChannelPool - Closing Idle Channel [id: 0x07450364, L:/127.0.0.1:59608 ! R:localhost/127.0.0.1:1861]
18:11:12.993 [AsyncHttpClient-1-1] DEBUG org.asynchttpclient.netty.channel.DefaultChannelPool - Adding Candidate expired Channel [id: 0xd28cac86, L:/127.0.0.1:59617 ! R:localhost/127.0.0.1:59609] isIdleTimeoutExpired=false isRemotelyClosed=true isTtlExpired=false
18:11:12.993 [AsyncHttpClient-1-1] DEBUG org.asynchttpclient.netty.channel.DefaultChannelPool - Closing Idle Channel [id: 0xd28cac86, L:/127.0.0.1:59617 ! R:localhost/127.0.0.1:59609]
18:11:12.993 [AsyncHttpClient-1-1] DEBUG org.asynchttpclient.netty.channel.DefaultChannelPool - Closed 2 connections out of 2 in 2 ms
18:11:13.291 [main] DEBUG io.github.bonigarcia.wdm.cache.ResolutionCache - Resolution chrome=109 in cache (valid until 18:33:55 07/02/2023 EST)
18:11:13.294 [main] DEBUG io.github.bonigarcia.wdm.cache.ResolutionCache - Resolution chrome109=109.0.5414.74 in cache (valid until 16:40:43 08/02/2023 EST)
18:11:13.294 [main] INFO io.github.bonigarcia.wdm.WebDriverManager - Using chromedriver 109.0.5414.74 (resolved driver for Chrome 109)
18:11:13.324 [main] DEBUG io.github.bonigarcia.wdm.WebDriverManager - Driver chromedriver 109.0.5414.74 found in cache
18:11:13.326 [main] INFO io.github.bonigarcia.wdm.WebDriverManager - Exporting webdriver.chrome.driver as C:\Users\anuai\.cache\selenium\chromedriver\win32\109.0.5414.74\chromedriver.exe
18:11:13.952 [AsyncHttpClient-1-5] DEBUG org.asynchttpclient.netty.channel.NettyConnectListener - Using new Channel '[id: 0xbff0905f, L:/127.0.0.1:59643 - R:localhost/127.0.0.1:19394]' for 'POST' to '/session'
18:11:14.908 [AsyncHttpClient-1-5] DEBUG org.asynchttpclient.netty.handler.HttpHandler - 

Request DefaultHttpRequest(decodeResult: success, version: HTTP/1.1)
POST /session HTTP/1.1
User-Agent: selenium/4.8.0 (java windows)
Content-Length: 365
Content-Type: application/json; charset=utf-8
host: localhost:19394
accept: */*

Response DefaultHttpResponse(decodeResult: success, version: HTTP/1.1)
HTTP/1.1 200 OK
Content-Length: 792
Content-Type: application/json; charset=utf-8
cache-control: no-cache

18:11:14.912 [AsyncHttpClient-1-5] DEBUG org.asynchttpclient.netty.channel.ChannelManager - Adding key: http://localhost:19394 for channel [id: 0xbff0905f, L:/127.0.0.1:59643 - R:localhost/127.0.0.1:19394]
18:11:14.994 [AsyncHttpClient-1-6] DEBUG org.asynchttpclient.netty.channel.NettyConnectListener - Using new Channel '[id: 0xbbc89ae5, L:/127.0.0.1:59649 - R:localhost/127.0.0.1:59644]' for 'GET' to '/json/version'
18:11:15.008 [AsyncHttpClient-1-6] DEBUG org.asynchttpclient.netty.handler.HttpHandler - 

Request DefaultFullHttpRequest(decodeResult: success, version: HTTP/1.1, content: EmptyByteBufBE)
GET /json/version HTTP/1.1
User-Agent: selenium/4.8.0 (java windows)
host: localhost:59644
accept: */*

Response DefaultHttpResponse(decodeResult: success, version: HTTP/1.1)
HTTP/1.1 200 OK
Content-Length: 424
Content-Type: application/json; charset=UTF-8

18:11:15.008 [AsyncHttpClient-1-6] DEBUG org.asynchttpclient.netty.channel.ChannelManager - Adding key: http://localhost:59644 for channel [id: 0xbbc89ae5, L:/127.0.0.1:59649 - R:localhost/127.0.0.1:59644]
18:11:15.028 [AsyncHttpClient-1-7] DEBUG org.asynchttpclient.netty.channel.NettyConnectListener - Using new Channel '[id: 0xc85e3717, L:/127.0.0.1:59651 - R:localhost/127.0.0.1:59644]' for 'GET' to '/devtools/browser/3b906f34-6134-4cfc-88fe-5ce5b99fdfc9'
18:11:15.036 [AsyncHttpClient-1-7] DEBUG org.asynchttpclient.netty.handler.WebSocketHandler - 

Request DefaultFullHttpRequest(decodeResult: success, version: HTTP/1.1, content: EmptyByteBufBE)
GET /devtools/browser/3b906f34-6134-4cfc-88fe-5ce5b99fdfc9 HTTP/1.1
upgrade: websocket
connection: upgrade
sec-websocket-key: FaKztT6DHMoJDIdDtFACiw==
sec-websocket-version: 13
origin: http://localhost:59644
host: localhost:59644
accept: */*
user-agent: AHC/2.1

Response DefaultHttpResponse(decodeResult: success, version: HTTP/1.1)
HTTP/1.1 101 WebSocket Protocol Handshake
Upgrade: WebSocket
Connection: Upgrade
Sec-WebSocket-Accept: fs5R7SbSUX+tju629e9GYaBsMeE=

18:11:15.046 [Forwarding maximizeCurrentWindow on session 2abe8d443830561e4af124f45920709c to remote] DEBUG org.asynchttpclient.netty.request.NettyRequestSender - Using pooled Channel '[id: 0xbff0905f, L:/127.0.0.1:59643 - R:localhost/127.0.0.1:19394]' for 'POST' to 'http://localhost:19394/session/2abe8d443830561e4af124f45920709c/window/maximize'
18:11:15.047 [Forwarding maximizeCurrentWindow on session 2abe8d443830561e4af124f45920709c to remote] DEBUG org.asynchttpclient.netty.request.NettyRequestSender - Using open Channel [id: 0xbff0905f, L:/127.0.0.1:59643 - R:localhost/127.0.0.1:19394] for POST '/session/2abe8d443830561e4af124f45920709c/window/maximize'
18:11:15.183 [AsyncHttpClient-1-1] DEBUG org.asynchttpclient.netty.channel.DefaultChannelPool - Entry count for : http://localhost:59644 : 1
18:11:15.189 [AsyncHttpClient-1-5] DEBUG org.asynchttpclient.netty.handler.HttpHandler - 

Request DefaultHttpRequest(decodeResult: success, version: HTTP/1.1)
POST /session/2abe8d443830561e4af124f45920709c/window/maximize HTTP/1.1
User-Agent: selenium/4.8.0 (java windows)
Content-Length: 3
Content-Type: application/json; charset=utf-8
host: localhost:19394
accept: */*

Response DefaultHttpResponse(decodeResult: success, version: HTTP/1.1)
HTTP/1.1 200 OK
Content-Length: 51
Content-Type: application/json; charset=utf-8
cache-control: no-cache

18:11:15.190 [AsyncHttpClient-1-5] DEBUG org.asynchttpclient.netty.channel.ChannelManager - Adding key: http://localhost:19394 for channel [id: 0xbff0905f, L:/127.0.0.1:59643 - R:localhost/127.0.0.1:19394]
18:11:15.193 [Forwarding setTimeout on session 2abe8d443830561e4af124f45920709c to remote] DEBUG org.asynchttpclient.netty.request.NettyRequestSender - Using pooled Channel '[id: 0xbff0905f, L:/127.0.0.1:59643 - R:localhost/127.0.0.1:19394]' for 'POST' to 'http://localhost:19394/session/2abe8d443830561e4af124f45920709c/timeouts'
18:11:15.193 [Forwarding setTimeout on session 2abe8d443830561e4af124f45920709c to remote] DEBUG org.asynchttpclient.netty.request.NettyRequestSender - Using open Channel [id: 0xbff0905f, L:/127.0.0.1:59643 - R:localhost/127.0.0.1:19394] for POST '/session/2abe8d443830561e4af124f45920709c/timeouts'
18:11:15.196 [AsyncHttpClient-1-5] DEBUG org.asynchttpclient.netty.handler.HttpHandler - 

Request DefaultHttpRequest(decodeResult: success, version: HTTP/1.1)
POST /session/2abe8d443830561e4af124f45920709c/timeouts HTTP/1.1
User-Agent: selenium/4.8.0 (java windows)
Content-Length: 23
Content-Type: application/json; charset=utf-8
host: localhost:19394
accept: */*

Response DefaultHttpResponse(decodeResult: success, version: HTTP/1.1)
HTTP/1.1 200 OK
Content-Length: 14
Content-Type: application/json; charset=utf-8
cache-control: no-cache

18:11:15.197 [AsyncHttpClient-1-5] DEBUG org.asynchttpclient.netty.channel.ChannelManager - Adding key: http://localhost:19394 for channel [id: 0xbff0905f, L:/127.0.0.1:59643 - R:localhost/127.0.0.1:19394]
18:11:15.201 [Forwarding get on session 2abe8d443830561e4af124f45920709c to remote] DEBUG org.asynchttpclient.netty.request.NettyRequestSender - Using pooled Channel '[id: 0xbff0905f, L:/127.0.0.1:59643 - R:localhost/127.0.0.1:19394]' for 'POST' to 'http://localhost:19394/session/2abe8d443830561e4af124f45920709c/url'
18:11:15.201 [Forwarding get on session 2abe8d443830561e4af124f45920709c to remote] DEBUG org.asynchttpclient.netty.request.NettyRequestSender - Using open Channel [id: 0xbff0905f, L:/127.0.0.1:59643 - R:localhost/127.0.0.1:19394] for POST '/session/2abe8d443830561e4af124f45920709c/url'
18:11:16.283 [AsyncHttpClient-1-1] DEBUG org.asynchttpclient.netty.channel.DefaultChannelPool - Entry count for : http://localhost:59644 : 1
18:11:17.381 [AsyncHttpClient-1-1] DEBUG org.asynchttpclient.netty.channel.DefaultChannelPool - Entry count for : http://localhost:59644 : 1
18:11:18.306 [AsyncHttpClient-1-5] DEBUG org.asynchttpclient.netty.handler.HttpHandler - 

Request DefaultHttpRequest(decodeResult: success, version: HTTP/1.1)
POST /session/2abe8d443830561e4af124f45920709c/url HTTP/1.1
User-Agent: selenium/4.8.0 (java windows)
Content-Length: 66
Content-Type: application/json; charset=utf-8
host: localhost:19394
accept: */*

Response DefaultHttpResponse(decodeResult: success, version: HTTP/1.1)
HTTP/1.1 200 OK
Content-Length: 14
Content-Type: application/json; charset=utf-8
cache-control: no-cache

18:11:18.308 [AsyncHttpClient-1-5] DEBUG org.asynchttpclient.netty.channel.ChannelManager - Adding key: http://localhost:19394 for channel [id: 0xbff0905f, L:/127.0.0.1:59643 - R:localhost/127.0.0.1:19394]
18:11:18.313 [Forwarding findElement on session 2abe8d443830561e4af124f45920709c to remote] DEBUG org.asynchttpclient.netty.request.NettyRequestSender - Using pooled Channel '[id: 0xbff0905f, L:/127.0.0.1:59643 - R:localhost/127.0.0.1:19394]' for 'POST' to 'http://localhost:19394/session/2abe8d443830561e4af124f45920709c/element'
18:11:18.313 [Forwarding findElement on session 2abe8d443830561e4af124f45920709c to remote] DEBUG org.asynchttpclient.netty.request.NettyRequestSender - Using open Channel [id: 0xbff0905f, L:/127.0.0.1:59643 - R:localhost/127.0.0.1:19394] for POST '/session/2abe8d443830561e4af124f45920709c/element'
18:11:18.335 [AsyncHttpClient-1-5] DEBUG org.asynchttpclient.netty.handler.HttpHandler - 

Request DefaultHttpRequest(decodeResult: success, version: HTTP/1.1)
POST /session/2abe8d443830561e4af124f45920709c/element HTTP/1.1
User-Agent: selenium/4.8.0 (java windows)
Content-Length: 71
Content-Type: application/json; charset=utf-8
host: localhost:19394
accept: */*

Response DefaultHttpResponse(decodeResult: success, version: HTTP/1.1)
HTTP/1.1 200 OK
Content-Length: 88
Content-Type: application/json; charset=utf-8
cache-control: no-cache

18:11:18.335 [AsyncHttpClient-1-5] DEBUG org.asynchttpclient.netty.channel.ChannelManager - Adding key: http://localhost:19394 for channel [id: 0xbff0905f, L:/127.0.0.1:59643 - R:localhost/127.0.0.1:19394]
18:11:18.339 [Forwarding clickElement on session 2abe8d443830561e4af124f45920709c to remote] DEBUG org.asynchttpclient.netty.request.NettyRequestSender - Using pooled Channel '[id: 0xbff0905f, L:/127.0.0.1:59643 - R:localhost/127.0.0.1:19394]' for 'POST' to 'http://localhost:19394/session/2abe8d443830561e4af124f45920709c/element/a10f07f6-4552-4c9f-8a1c-d5b927adb068/click'
18:11:18.339 [Forwarding clickElement on session 2abe8d443830561e4af124f45920709c to remote] DEBUG org.asynchttpclient.netty.request.NettyRequestSender - Using open Channel [id: 0xbff0905f, L:/127.0.0.1:59643 - R:localhost/127.0.0.1:19394] for POST '/session/2abe8d443830561e4af124f45920709c/element/a10f07f6-4552-4c9f-8a1c-d5b927adb068/click'
18:11:18.418 [AsyncHttpClient-1-5] DEBUG org.asynchttpclient.netty.handler.HttpHandler - 

Request DefaultHttpRequest(decodeResult: success, version: HTTP/1.1)
POST /session/2abe8d443830561e4af124f45920709c/element/a10f07f6-4552-4c9f-8a1c-d5b927adb068/click HTTP/1.1
User-Agent: selenium/4.8.0 (java windows)
Content-Length: 50
Content-Type: application/json; charset=utf-8
host: localhost:19394
accept: */*

Response DefaultHttpResponse(decodeResult: success, version: HTTP/1.1)
HTTP/1.1 200 OK
Content-Length: 14
Content-Type: application/json; charset=utf-8
cache-control: no-cache

18:11:18.419 [AsyncHttpClient-1-5] DEBUG org.asynchttpclient.netty.channel.ChannelManager - Adding key: http://localhost:19394 for channel [id: 0xbff0905f, L:/127.0.0.1:59643 - R:localhost/127.0.0.1:19394]
18:11:18.425 [Forwarding findElement on session 2abe8d443830561e4af124f45920709c to remote] DEBUG org.asynchttpclient.netty.request.NettyRequestSender - Using pooled Channel '[id: 0xbff0905f, L:/127.0.0.1:59643 - R:localhost/127.0.0.1:19394]' for 'POST' to 'http://localhost:19394/session/2abe8d443830561e4af124f45920709c/element'
18:11:18.425 [Forwarding findElement on session 2abe8d443830561e4af124f45920709c to remote] DEBUG org.asynchttpclient.netty.request.NettyRequestSender - Using open Channel [id: 0xbff0905f, L:/127.0.0.1:59643 - R:localhost/127.0.0.1:19394] for POST '/session/2abe8d443830561e4af124f45920709c/element'
18:11:18.460 [AsyncHttpClient-1-5] DEBUG org.asynchttpclient.netty.handler.HttpHandler - 

Request DefaultHttpRequest(decodeResult: success, version: HTTP/1.1)
POST /session/2abe8d443830561e4af124f45920709c/element HTTP/1.1
User-Agent: selenium/4.8.0 (java windows)
Content-Length: 46
Content-Type: application/json; charset=utf-8
host: localhost:19394
accept: */*

Response DefaultHttpResponse(decodeResult: success, version: HTTP/1.1)
HTTP/1.1 200 OK
Content-Length: 88
Content-Type: application/json; charset=utf-8
cache-control: no-cache

18:11:18.461 [AsyncHttpClient-1-5] DEBUG org.asynchttpclient.netty.channel.ChannelManager - Adding key: http://localhost:19394 for channel [id: 0xbff0905f, L:/127.0.0.1:59643 - R:localhost/127.0.0.1:19394]
18:11:18.466 [Forwarding clickElement on session 2abe8d443830561e4af124f45920709c to remote] DEBUG org.asynchttpclient.netty.request.NettyRequestSender - Using pooled Channel '[id: 0xbff0905f, L:/127.0.0.1:59643 - R:localhost/127.0.0.1:19394]' for 'POST' to 'http://localhost:19394/session/2abe8d443830561e4af124f45920709c/element/a23423b6-b697-4ed9-97c7-68c3201ea9f8/click'
18:11:18.466 [Forwarding clickElement on session 2abe8d443830561e4af124f45920709c to remote] DEBUG org.asynchttpclient.netty.request.NettyRequestSender - Using open Channel [id: 0xbff0905f, L:/127.0.0.1:59643 - R:localhost/127.0.0.1:19394] for POST '/session/2abe8d443830561e4af124f45920709c/element/a23423b6-b697-4ed9-97c7-68c3201ea9f8/click'
18:11:18.498 [AsyncHttpClient-1-1] DEBUG org.asynchttpclient.netty.channel.DefaultChannelPool - Entry count for : http://localhost:59644 : 1
18:11:19.059 [AsyncHttpClient-1-5] DEBUG org.asynchttpclient.netty.handler.HttpHandler - 

Request DefaultHttpRequest(decodeResult: success, version: HTTP/1.1)
POST /session/2abe8d443830561e4af124f45920709c/element/a23423b6-b697-4ed9-97c7-68c3201ea9f8/click HTTP/1.1
User-Agent: selenium/4.8.0 (java windows)
Content-Length: 50
Content-Type: application/json; charset=utf-8
host: localhost:19394
accept: */*

Response DefaultHttpResponse(decodeResult: success, version: HTTP/1.1)
HTTP/1.1 200 OK
Content-Length: 14
Content-Type: application/json; charset=utf-8
cache-control: no-cache

18:11:19.060 [AsyncHttpClient-1-5] DEBUG org.asynchttpclient.netty.channel.ChannelManager - Adding key: http://localhost:19394 for channel [id: 0xbff0905f, L:/127.0.0.1:59643 - R:localhost/127.0.0.1:19394]
18:11:19.066 [Forwarding findElement on session 2abe8d443830561e4af124f45920709c to remote] DEBUG org.asynchttpclient.netty.request.NettyRequestSender - Using pooled Channel '[id: 0xbff0905f, L:/127.0.0.1:59643 - R:localhost/127.0.0.1:19394]' for 'POST' to 'http://localhost:19394/session/2abe8d443830561e4af124f45920709c/element'
18:11:19.066 [Forwarding findElement on session 2abe8d443830561e4af124f45920709c to remote] DEBUG org.asynchttpclient.netty.request.NettyRequestSender - Using open Channel [id: 0xbff0905f, L:/127.0.0.1:59643 - R:localhost/127.0.0.1:19394] for POST '/session/2abe8d443830561e4af124f45920709c/element'
18:11:19.090 [AsyncHttpClient-1-5] DEBUG org.asynchttpclient.netty.handler.HttpHandler - 

Request DefaultHttpRequest(decodeResult: success, version: HTTP/1.1)
POST /session/2abe8d443830561e4af124f45920709c/element HTTP/1.1
User-Agent: selenium/4.8.0 (java windows)
Content-Length: 58
Content-Type: application/json; charset=utf-8
host: localhost:19394
accept: */*

Response DefaultHttpResponse(decodeResult: success, version: HTTP/1.1)
HTTP/1.1 200 OK
Content-Length: 88
Content-Type: application/json; charset=utf-8
cache-control: no-cache

18:11:19.090 [AsyncHttpClient-1-5] DEBUG org.asynchttpclient.netty.channel.ChannelManager - Adding key: http://localhost:19394 for channel [id: 0xbff0905f, L:/127.0.0.1:59643 - R:localhost/127.0.0.1:19394]
18:11:19.095 [Forwarding sendKeysToElement on session 2abe8d443830561e4af124f45920709c to remote] DEBUG org.asynchttpclient.netty.request.NettyRequestSender - Using pooled Channel '[id: 0xbff0905f, L:/127.0.0.1:59643 - R:localhost/127.0.0.1:19394]' for 'POST' to 'http://localhost:19394/session/2abe8d443830561e4af124f45920709c/element/52e6c324-0080-49ba-9194-d1ef430bdcfd/value'
18:11:19.095 [Forwarding sendKeysToElement on session 2abe8d443830561e4af124f45920709c to remote] DEBUG org.asynchttpclient.netty.request.NettyRequestSender - Using open Channel [id: 0xbff0905f, L:/127.0.0.1:59643 - R:localhost/127.0.0.1:19394] for POST '/session/2abe8d443830561e4af124f45920709c/element/52e6c324-0080-49ba-9194-d1ef430bdcfd/value'
18:11:19.307 [AsyncHttpClient-1-5] DEBUG org.asynchttpclient.netty.handler.HttpHandler - 

Request DefaultHttpRequest(decodeResult: success, version: HTTP/1.1)
POST /session/2abe8d443830561e4af124f45920709c/element/52e6c324-0080-49ba-9194-d1ef430bdcfd/value HTTP/1.1
User-Agent: selenium/4.8.0 (java windows)
Content-Length: 271
Content-Type: application/json; charset=utf-8
host: localhost:19394
accept: */*

Response DefaultHttpResponse(decodeResult: success, version: HTTP/1.1)
HTTP/1.1 200 OK
Content-Length: 14
Content-Type: application/json; charset=utf-8
cache-control: no-cache

18:11:19.308 [AsyncHttpClient-1-5] DEBUG org.asynchttpclient.netty.channel.ChannelManager - Adding key: http://localhost:19394 for channel [id: 0xbff0905f, L:/127.0.0.1:59643 - R:localhost/127.0.0.1:19394]
18:11:19.311 [Forwarding findElement on session 2abe8d443830561e4af124f45920709c to remote] DEBUG org.asynchttpclient.netty.request.NettyRequestSender - Using pooled Channel '[id: 0xbff0905f, L:/127.0.0.1:59643 - R:localhost/127.0.0.1:19394]' for 'POST' to 'http://localhost:19394/session/2abe8d443830561e4af124f45920709c/element'
18:11:19.311 [Forwarding findElement on session 2abe8d443830561e4af124f45920709c to remote] DEBUG org.asynchttpclient.netty.request.NettyRequestSender - Using open Channel [id: 0xbff0905f, L:/127.0.0.1:59643 - R:localhost/127.0.0.1:19394] for POST '/session/2abe8d443830561e4af124f45920709c/element'
18:11:19.335 [AsyncHttpClient-1-5] DEBUG org.asynchttpclient.netty.handler.HttpHandler - 

Request DefaultHttpRequest(decodeResult: success, version: HTTP/1.1)
POST /session/2abe8d443830561e4af124f45920709c/element HTTP/1.1
User-Agent: selenium/4.8.0 (java windows)
Content-Length: 61
Content-Type: application/json; charset=utf-8
host: localhost:19394
accept: */*

Response DefaultHttpResponse(decodeResult: success, version: HTTP/1.1)
HTTP/1.1 200 OK
Content-Length: 88
Content-Type: application/json; charset=utf-8
cache-control: no-cache

18:11:19.335 [AsyncHttpClient-1-5] DEBUG org.asynchttpclient.netty.channel.ChannelManager - Adding key: http://localhost:19394 for channel [id: 0xbff0905f, L:/127.0.0.1:59643 - R:localhost/127.0.0.1:19394]
18:11:19.339 [Forwarding sendKeysToElement on session 2abe8d443830561e4af124f45920709c to remote] DEBUG org.asynchttpclient.netty.request.NettyRequestSender - Using pooled Channel '[id: 0xbff0905f, L:/127.0.0.1:59643 - R:localhost/127.0.0.1:19394]' for 'POST' to 'http://localhost:19394/session/2abe8d443830561e4af124f45920709c/element/8c02ea52-4744-4a1a-a37b-612275a6c0df/value'
18:11:19.339 [Forwarding sendKeysToElement on session 2abe8d443830561e4af124f45920709c to remote] DEBUG org.asynchttpclient.netty.request.NettyRequestSender - Using open Channel [id: 0xbff0905f, L:/127.0.0.1:59643 - R:localhost/127.0.0.1:19394] for POST '/session/2abe8d443830561e4af124f45920709c/element/8c02ea52-4744-4a1a-a37b-612275a6c0df/value'
18:11:19.457 [AsyncHttpClient-1-5] DEBUG org.asynchttpclient.netty.handler.HttpHandler - 

Request DefaultHttpRequest(decodeResult: success, version: HTTP/1.1)
POST /session/2abe8d443830561e4af124f45920709c/element/8c02ea52-4744-4a1a-a37b-612275a6c0df/value HTTP/1.1
User-Agent: selenium/4.8.0 (java windows)
Content-Length: 121
Content-Type: application/json; charset=utf-8
host: localhost:19394
accept: */*

Response DefaultHttpResponse(decodeResult: success, version: HTTP/1.1)
HTTP/1.1 200 OK
Content-Length: 14
Content-Type: application/json; charset=utf-8
cache-control: no-cache

18:11:19.458 [AsyncHttpClient-1-5] DEBUG org.asynchttpclient.netty.channel.ChannelManager - Adding key: http://localhost:19394 for channel [id: 0xbff0905f, L:/127.0.0.1:59643 - R:localhost/127.0.0.1:19394]
18:11:19.462 [Forwarding findElement on session 2abe8d443830561e4af124f45920709c to remote] DEBUG org.asynchttpclient.netty.request.NettyRequestSender - Using pooled Channel '[id: 0xbff0905f, L:/127.0.0.1:59643 - R:localhost/127.0.0.1:19394]' for 'POST' to 'http://localhost:19394/session/2abe8d443830561e4af124f45920709c/element'
18:11:19.462 [Forwarding findElement on session 2abe8d443830561e4af124f45920709c to remote] DEBUG org.asynchttpclient.netty.request.NettyRequestSender - Using open Channel [id: 0xbff0905f, L:/127.0.0.1:59643 - R:localhost/127.0.0.1:19394] for POST '/session/2abe8d443830561e4af124f45920709c/element'
18:11:19.494 [AsyncHttpClient-1-5] DEBUG org.asynchttpclient.netty.handler.HttpHandler - 

Request DefaultHttpRequest(decodeResult: success, version: HTTP/1.1)
POST /session/2abe8d443830561e4af124f45920709c/element HTTP/1.1
User-Agent: selenium/4.8.0 (java windows)
Content-Length: 70
Content-Type: application/json; charset=utf-8
host: localhost:19394
accept: */*

Response DefaultHttpResponse(decodeResult: success, version: HTTP/1.1)
HTTP/1.1 200 OK
Content-Length: 88
Content-Type: application/json; charset=utf-8
cache-control: no-cache

18:11:19.494 [AsyncHttpClient-1-5] DEBUG org.asynchttpclient.netty.channel.ChannelManager - Adding key: http://localhost:19394 for channel [id: 0xbff0905f, L:/127.0.0.1:59643 - R:localhost/127.0.0.1:19394]
18:11:19.498 [Forwarding clickElement on session 2abe8d443830561e4af124f45920709c to remote] DEBUG org.asynchttpclient.netty.request.NettyRequestSender - Using pooled Channel '[id: 0xbff0905f, L:/127.0.0.1:59643 - R:localhost/127.0.0.1:19394]' for 'POST' to 'http://localhost:19394/session/2abe8d443830561e4af124f45920709c/element/f5c3375c-5db5-47b9-944c-17f24241dbc4/click'
18:11:19.499 [Forwarding clickElement on session 2abe8d443830561e4af124f45920709c to remote] DEBUG org.asynchttpclient.netty.request.NettyRequestSender - Using open Channel [id: 0xbff0905f, L:/127.0.0.1:59643 - R:localhost/127.0.0.1:19394] for POST '/session/2abe8d443830561e4af124f45920709c/element/f5c3375c-5db5-47b9-944c-17f24241dbc4/click'
18:11:19.589 [AsyncHttpClient-1-1] DEBUG org.asynchttpclient.netty.channel.DefaultChannelPool - Entry count for : http://localhost:59644 : 1
18:11:20.081 [AsyncHttpClient-1-5] DEBUG org.asynchttpclient.netty.handler.HttpHandler - 

Request DefaultHttpRequest(decodeResult: success, version: HTTP/1.1)
POST /session/2abe8d443830561e4af124f45920709c/element/f5c3375c-5db5-47b9-944c-17f24241dbc4/click HTTP/1.1
User-Agent: selenium/4.8.0 (java windows)
Content-Length: 50
Content-Type: application/json; charset=utf-8
host: localhost:19394
accept: */*

Response DefaultHttpResponse(decodeResult: success, version: HTTP/1.1)
HTTP/1.1 200 OK
Content-Length: 14
Content-Type: application/json; charset=utf-8
cache-control: no-cache

18:11:20.081 [AsyncHttpClient-1-5] DEBUG org.asynchttpclient.netty.channel.ChannelManager - Adding key: http://localhost:19394 for channel [id: 0xbff0905f, L:/127.0.0.1:59643 - R:localhost/127.0.0.1:19394]
18:11:20.085 [Forwarding findElement on session 2abe8d443830561e4af124f45920709c to remote] DEBUG org.asynchttpclient.netty.request.NettyRequestSender - Using pooled Channel '[id: 0xbff0905f, L:/127.0.0.1:59643 - R:localhost/127.0.0.1:19394]' for 'POST' to 'http://localhost:19394/session/2abe8d443830561e4af124f45920709c/element'
18:11:20.086 [Forwarding findElement on session 2abe8d443830561e4af124f45920709c to remote] DEBUG org.asynchttpclient.netty.request.NettyRequestSender - Using open Channel [id: 0xbff0905f, L:/127.0.0.1:59643 - R:localhost/127.0.0.1:19394] for POST '/session/2abe8d443830561e4af124f45920709c/element'
18:11:20.684 [AsyncHttpClient-1-1] DEBUG org.asynchttpclient.netty.channel.DefaultChannelPool - Entry count for : http://localhost:59644 : 1
18:11:21.783 [AsyncHttpClient-1-1] DEBUG org.asynchttpclient.netty.channel.DefaultChannelPool - Entry count for : http://localhost:59644 : 1
18:11:22.892 [AsyncHttpClient-1-1] DEBUG org.asynchttpclient.netty.channel.DefaultChannelPool - Entry count for : http://localhost:59644 : 1
18:11:23.597 [AsyncHttpClient-1-5] DEBUG org.asynchttpclient.netty.handler.HttpHandler - 

Request DefaultHttpRequest(decodeResult: success, version: HTTP/1.1)
POST /session/2abe8d443830561e4af124f45920709c/element HTTP/1.1
User-Agent: selenium/4.8.0 (java windows)
Content-Length: 70
Content-Type: application/json; charset=utf-8
host: localhost:19394
accept: */*

Response DefaultHttpResponse(decodeResult: success, version: HTTP/1.1)
HTTP/1.1 200 OK
Content-Length: 14
Content-Type: application/json; charset=utf-8
cache-control: no-cache

18:11:23.597 [AsyncHttpClient-1-5] DEBUG org.asynchttpclient.netty.channel.ChannelManager - Adding key: http://localhost:19394 for channel [id: 0xbff0905f, L:/127.0.0.1:59643 - R:localhost/127.0.0.1:19394]
]]></system-out>
    <system-err><![CDATA[Starting ChromeDriver 109.0.5414.74 (e7c5703604daa9cc128ccf5a5d3e993513758913-refs/branch-heads/5414@{#1172}) on port 19394
Only local connections are allowed.
Please see https://chromedriver.chromium.org/security-considerations for suggestions on keeping ChromeDriver safe.
ChromeDriver was started successfully.
]]></system-err>
  </testcase>
  <testcase name="testthree" classname="tests.ThreeTest" time="0">
    <system-out><![CDATA[18:11:23.610 [AsyncHttpClient-1-7] DEBUG org.asynchttpclient.netty.handler.WebSocketHandler - Channel Closed: [id: 0xc85e3717, L:/127.0.0.1:59651 ! R:localhost/127.0.0.1:59644] with attribute NettyResponseFuture{currentRetry=0,
	isDone=1,
	isCancelled=0,
	asyncHandler=org.asynchttpclient.ws.WebSocketUpgradeHandler@2e2768dd,
	nettyRequest=org.asynchttpclient.netty.request.NettyRequest@6b25f37d,
	future=java.util.concurrent.CompletableFuture@373b47df[Completed normally],
	uri=ws://localhost:59644/devtools/browser/3b906f34-6134-4cfc-88fe-5ce5b99fdfc9,
	keepAlive=true,
	redirectCount=0,
	timeoutsHolder=null,
	inAuth=0,
	touch=1675811475038}
18:11:23.610 [AsyncHttpClient-1-7] DEBUG org.asynchttpclient.netty.channel.ChannelManager - Closing Channel [id: 0xc85e3717, L:/127.0.0.1:59651 ! R:localhost/127.0.0.1:59644] 
18:11:23.699 [Driver Command Executor] DEBUG org.asynchttpclient.netty.request.NettyRequestSender - Using pooled Channel '[id: 0xbff0905f, L:/127.0.0.1:59643 - R:localhost/127.0.0.1:19394]' for 'DELETE' to 'http://localhost:19394/session/2abe8d443830561e4af124f45920709c'
18:11:23.699 [Driver Command Executor] DEBUG org.asynchttpclient.netty.request.NettyRequestSender - Using open Channel [id: 0xbff0905f, L:/127.0.0.1:59643 - R:localhost/127.0.0.1:19394] for DELETE '/session/2abe8d443830561e4af124f45920709c'
18:11:23.812 [AsyncHttpClient-1-6] DEBUG org.asynchttpclient.netty.handler.HttpHandler - Unexpected I/O exception on channel [id: 0xbbc89ae5, L:/127.0.0.1:59649 - R:localhost/127.0.0.1:59644]
java.io.IOException: An existing connection was forcibly closed by the remote host
	at java.base/sun.nio.ch.SocketDispatcher.read0(Native Method)
	at java.base/sun.nio.ch.SocketDispatcher.read(SocketDispatcher.java:43)
	at java.base/sun.nio.ch.IOUtil.readIntoNativeBuffer(IOUtil.java:276)
	at java.base/sun.nio.ch.IOUtil.read(IOUtil.java:233)
	at java.base/sun.nio.ch.IOUtil.read(IOUtil.java:223)
	at java.base/sun.nio.ch.SocketChannelImpl.read(SocketChannelImpl.java:358)
	at io.netty.buffer.PooledByteBuf.setBytes(PooledByteBuf.java:259)
	at io.netty.buffer.AbstractByteBuf.writeBytes(AbstractByteBuf.java:1132)
	at io.netty.channel.socket.nio.NioSocketChannel.doReadBytes(NioSocketChannel.java:357)
	at io.netty.channel.nio.AbstractNioByteChannel$NioByteUnsafe.read(AbstractNioByteChannel.java:151)
	at io.netty.channel.nio.NioEventLoop.processSelectedKey(NioEventLoop.java:788)
	at io.netty.channel.nio.NioEventLoop.processSelectedKeysOptimized(NioEventLoop.java:724)
	at io.netty.channel.nio.NioEventLoop.processSelectedKeys(NioEventLoop.java:650)
	at io.netty.channel.nio.NioEventLoop.run(NioEventLoop.java:562)
	at io.netty.util.concurrent.SingleThreadEventExecutor$4.run(SingleThreadEventExecutor.java:997)
	at io.netty.util.internal.ThreadExecutorMap$2.run(ThreadExecutorMap.java:74)
	at io.netty.util.concurrent.FastThreadLocalRunnable.run(FastThreadLocalRunnable.java:30)
	at java.base/java.lang.Thread.run(Thread.java:834)
18:11:23.812 [AsyncHttpClient-1-6] DEBUG org.asynchttpclient.netty.channel.ChannelManager - Closing Channel [id: 0xbbc89ae5, L:/127.0.0.1:59649 - R:localhost/127.0.0.1:59644] 
18:11:23.812 [AsyncHttpClient-1-6] DEBUG org.asynchttpclient.netty.handler.HttpHandler - Channel Closed: [id: 0xbbc89ae5, L:/127.0.0.1:59649 ! R:localhost/127.0.0.1:59644] with attribute DISCARD
18:11:23.904 [AsyncHttpClient-1-5] DEBUG org.asynchttpclient.netty.handler.HttpHandler - 

Request DefaultFullHttpRequest(decodeResult: success, version: HTTP/1.1, content: EmptyByteBufBE)
DELETE /session/2abe8d443830561e4af124f45920709c HTTP/1.1
User-Agent: selenium/4.8.0 (java windows)
Content-Type: application/json; charset=utf-8
host: localhost:19394
accept: */*

Response DefaultHttpResponse(decodeResult: success, version: HTTP/1.1)
HTTP/1.1 200 OK
Content-Length: 14
Content-Type: application/json; charset=utf-8
cache-control: no-cache

18:11:23.904 [AsyncHttpClient-1-5] DEBUG org.asynchttpclient.netty.channel.ChannelManager - Adding key: http://localhost:19394 for channel [id: 0xbff0905f, L:/127.0.0.1:59643 - R:localhost/127.0.0.1:19394]
18:11:23.984 [AsyncHttpClient-1-1] DEBUG org.asynchttpclient.netty.channel.DefaultChannelPool - Entry count for : http://localhost:19394 : 1
18:11:23.984 [AsyncHttpClient-1-1] DEBUG org.asynchttpclient.netty.channel.DefaultChannelPool - Entry count for : http://localhost:59644 : 1
18:11:23.984 [AsyncHttpClient-1-1] DEBUG org.asynchttpclient.netty.channel.DefaultChannelPool - Adding Candidate expired Channel [id: 0xbbc89ae5, L:/127.0.0.1:59649 ! R:localhost/127.0.0.1:59644] isIdleTimeoutExpired=false isRemotelyClosed=true isTtlExpired=false
18:11:23.984 [AsyncHttpClient-1-1] DEBUG org.asynchttpclient.netty.channel.DefaultChannelPool - Closing Idle Channel [id: 0xbbc89ae5, L:/127.0.0.1:59649 ! R:localhost/127.0.0.1:59644]
18:11:23.984 [AsyncHttpClient-1-1] DEBUG org.asynchttpclient.netty.channel.DefaultChannelPool - Closed 1 connections out of 2 in 0 ms
18:11:24.015 [AsyncHttpClient-1-5] DEBUG org.asynchttpclient.netty.handler.HttpHandler - Channel Closed: [id: 0xbff0905f, L:/127.0.0.1:59643 ! R:localhost/127.0.0.1:19394] with attribute DISCARD
Inside testthree
]]></system-out>
  </testcase>
</testsuite>