<?xml version="1.0" encoding="UTF-8"?>
<testng-results ignored="0" total="1" passed="1" failed="0" skipped="0">
  <reporter-output>
  </reporter-output>
  <suite started-at="2023-02-09T07:52:39 EST" name="Suite" finished-at="2023-02-09T07:53:07 EST" duration-ms="27979">
    <groups>
      <group name="cucumber">
        <method signature="AbstractTestNGCucumberTests.runScenario(io.cucumber.testng.PickleWrapper,io.cucumber.testng.FeatureWrapper)[pri:0, instance:runner.runner@15043a2f]" name="runScenario" class="io.cucumber.testng.AbstractTestNGCucumberTests"/>
      </group> <!-- cucumber -->
    </groups>
    <test started-at="2023-02-09T07:52:39 EST" name="TestFour" finished-at="2023-02-09T07:53:07 EST" duration-ms="27979">
      <class name="runner.runner">
        <test-method is-config="true" signature="setUpClass()[pri:0, instance:runner.runner@15043a2f]" started-at="2023-02-09T07:52:39 EST" name="setUpClass" finished-at="2023-02-09T07:52:39 EST" duration-ms="839" status="PASS">
          <reporter-output>
          </reporter-output>
        </test-method> <!-- setUpClass -->
        <test-method signature="runScenario(io.cucumber.testng.PickleWrapper,io.cucumber.testng.FeatureWrapper)[pri:0, instance:runner.runner@15043a2f]" started-at="2023-02-09T07:52:39 EST" name="runScenario" description="Runs Cucumber Scenarios" data-provider="scenarios" finished-at="2023-02-09T07:53:07 EST" duration-ms="27062" status="PASS">
          <params>
            <param index="0">
              <value>
                <![CDATA["Login into the application with valid credentials"]]>
              </value>
            </param>
            <param index="1">
              <value>
                <![CDATA["Optional[Login into TutorialsNinja application]"]]>
              </value>
            </param>
          </params>
          <reporter-output>
          </reporter-output>
        </test-method> <!-- runScenario -->
        <test-method is-config="true" signature="tearDownClass()[pri:0, instance:runner.runner@15043a2f]" started-at="2023-02-09T07:53:07 EST" name="tearDownClass" finished-at="2023-02-09T07:53:07 EST" duration-ms="0" status="PASS">
          <reporter-output>
          </reporter-output>
        </test-method> <!-- tearDownClass -->
      </class> <!-- runner.runner -->
    </test> <!-- TestFour -->
  </suite> <!-- Suite -->
</testng-results>
